###############################################################################
#
# IAR ANSI C/C++ Compiler V7.10.3.6832/W32 for ARM        19/Mar/2020  00:44:29
# Copyright 1999-2014 IAR Systems AB.
#
#    Cpu mode     =  thumb
#    Endian       =  little
#    Source file  =  
#        C:\CubeMX_Project\STM32Cube_FW_F4_V1.19.0\Drivers\STM32F4xx_HAL_Driver\Src\stm32f4xx_hal.c
#    Command line =  
#        C:\CubeMX_Project\STM32Cube_FW_F4_V1.19.0\Drivers\STM32F4xx_HAL_Driver\Src\stm32f4xx_hal.c
#        -D USE_HAL_DRIVER -D STM32F401xE -lC
#        C:\CubeMX_Project\SPI_Cortex_Slave\EWARM\SPI_Cortex_Slave/List\
#        --diag_suppress Pa050 -o
#        C:\CubeMX_Project\SPI_Cortex_Slave\EWARM\SPI_Cortex_Slave/Obj\ --debug
#        --endian=little --cpu=Cortex-M4F -e --fpu=VFPv4_sp --dlib_config
#        "C:\Program Files (x86)\IAR Systems\Embedded Workbench
#        7.0\arm\INC\c\DLib_Config_Full.h" -I
#        C:\CubeMX_Project\SPI_Cortex_Slave\Inc\ -I
#        C:/CubeMX_Project/STM32Cube_FW_F4_V1.19.0/Drivers/STM32F4xx_HAL_Driver/Inc\
#        -I
#        C:/CubeMX_Project/STM32Cube_FW_F4_V1.19.0/Drivers/STM32F4xx_HAL_Driver/Inc/Legacy\
#        -I
#        C:/CubeMX_Project/STM32Cube_FW_F4_V1.19.0/Drivers/CMSIS/Device/ST/STM32F4xx/Include\
#        -I C:/CubeMX_Project/STM32Cube_FW_F4_V1.19.0/Drivers/CMSIS/Include\ -I
#        C:\CubeMX_Project\SPI_Cortex_Slave\Debug\Drivers\u8glib_arm_v1.18.1\src\
#        -I C:\CubeMX_Project\SPI_Cortex_Slave\EWARM/../Inc\ -Ohz -I
#        "C:\Program Files (x86)\IAR Systems\Embedded Workbench
#        7.0\arm\CMSIS\Include\"
#    List file    =  
#        C:\CubeMX_Project\SPI_Cortex_Slave\EWARM\SPI_Cortex_Slave/List\stm32f4xx_hal.lst
#    Object file  =  
#        C:\CubeMX_Project\SPI_Cortex_Slave\EWARM\SPI_Cortex_Slave/Obj\stm32f4xx_hal.o
#
###############################################################################

C:\CubeMX_Project\STM32Cube_FW_F4_V1.19.0\Drivers\STM32F4xx_HAL_Driver\Src\stm32f4xx_hal.c
      1          /**
      2            ******************************************************************************
      3            * @file    stm32f4xx_hal.c
      4            * @author  MCD Application Team
      5            * @brief   HAL module driver.
      6            *          This is the common part of the HAL initialization
      7            *
      8            @verbatim
      9            ==============================================================================
     10                               ##### How to use this driver #####
     11            ==============================================================================
     12              [..]
     13              The common HAL driver contains a set of generic and common APIs that can be
     14              used by the PPP peripheral drivers and the user to start using the HAL. 
     15              [..]
     16              The HAL contains two APIs' categories: 
     17                   (+) Common HAL APIs
     18                   (+) Services HAL APIs
     19          
     20            @endverbatim
     21            ******************************************************************************
     22            * @attention
     23            *
     24            * <h2><center>&copy; COPYRIGHT(c) 2017 STMicroelectronics</center></h2>
     25            *
     26            * Redistribution and use in source and binary forms, with or without modification,
     27            * are permitted provided that the following conditions are met:
     28            *   1. Redistributions of source code must retain the above copyright notice,
     29            *      this list of conditions and the following disclaimer.
     30            *   2. Redistributions in binary form must reproduce the above copyright notice,
     31            *      this list of conditions and the following disclaimer in the documentation
     32            *      and/or other materials provided with the distribution.
     33            *   3. Neither the name of STMicroelectronics nor the names of its contributors
     34            *      may be used to endorse or promote products derived from this software
     35            *      without specific prior written permission.
     36            *
     37            * THIS SOFTWARE IS PROVIDED BY THE COPYRIGHT HOLDERS AND CONTRIBUTORS "AS IS"
     38            * AND ANY EXPRESS OR IMPLIED WARRANTIES, INCLUDING, BUT NOT LIMITED TO, THE
     39            * IMPLIED WARRANTIES OF MERCHANTABILITY AND FITNESS FOR A PARTICULAR PURPOSE ARE
     40            * DISCLAIMED. IN NO EVENT SHALL THE COPYRIGHT HOLDER OR CONTRIBUTORS BE LIABLE
     41            * FOR ANY DIRECT, INDIRECT, INCIDENTAL, SPECIAL, EXEMPLARY, OR CONSEQUENTIAL
     42            * DAMAGES (INCLUDING, BUT NOT LIMITED TO, PROCUREMENT OF SUBSTITUTE GOODS OR
     43            * SERVICES; LOSS OF USE, DATA, OR PROFITS; OR BUSINESS INTERRUPTION) HOWEVER
     44            * CAUSED AND ON ANY THEORY OF LIABILITY, WHETHER IN CONTRACT, STRICT LIABILITY,
     45            * OR TORT (INCLUDING NEGLIGENCE OR OTHERWISE) ARISING IN ANY WAY OUT OF THE USE
     46            * OF THIS SOFTWARE, EVEN IF ADVISED OF THE POSSIBILITY OF SUCH DAMAGE.
     47            *
     48            ******************************************************************************
     49            */ 
     50          
     51          /* Includes ------------------------------------------------------------------*/
     52          #include "stm32f4xx_hal.h"
     53          
     54          /** @addtogroup STM32F4xx_HAL_Driver
     55            * @{
     56            */
     57          
     58          /** @defgroup HAL HAL
     59            * @brief HAL module driver.
     60            * @{
     61            */
     62          
     63          /* Private typedef -----------------------------------------------------------*/
     64          /* Private define ------------------------------------------------------------*/
     65          /** @addtogroup HAL_Private_Constants
     66            * @{
     67            */
     68          /**
     69            * @brief STM32F4xx HAL Driver version number V1.7.3
     70            */
     71          #define __STM32F4xx_HAL_VERSION_MAIN   (0x01U) /*!< [31:24] main version */
     72          #define __STM32F4xx_HAL_VERSION_SUB1   (0x07U) /*!< [23:16] sub1 version */
     73          #define __STM32F4xx_HAL_VERSION_SUB2   (0x03U) /*!< [15:8]  sub2 version */
     74          #define __STM32F4xx_HAL_VERSION_RC     (0x00U) /*!< [7:0]  release candidate */ 
     75          #define __STM32F4xx_HAL_VERSION         ((__STM32F4xx_HAL_VERSION_MAIN << 24U)\
     76                                                  |(__STM32F4xx_HAL_VERSION_SUB1 << 16U)\
     77                                                  |(__STM32F4xx_HAL_VERSION_SUB2 << 8U )\
     78                                                  |(__STM32F4xx_HAL_VERSION_RC))
     79                                                  
     80          #define IDCODE_DEVID_MASK    0x00000FFFU
     81          
     82          /* ------------ RCC registers bit address in the alias region ----------- */
     83          #define SYSCFG_OFFSET             (SYSCFG_BASE - PERIPH_BASE)
     84          /* ---  MEMRMP Register ---*/ 
     85          /* Alias word address of UFB_MODE bit */ 
     86          #define MEMRMP_OFFSET             SYSCFG_OFFSET 
     87          #define UFB_MODE_BIT_NUMBER       SYSCFG_MEMRMP_UFB_MODE_Pos
     88          #define UFB_MODE_BB               (uint32_t)(PERIPH_BB_BASE + (MEMRMP_OFFSET * 32U) + (UFB_MODE_BIT_NUMBER * 4U)) 
     89          
     90          /* ---  CMPCR Register ---*/ 
     91          /* Alias word address of CMP_PD bit */ 
     92          #define CMPCR_OFFSET              (SYSCFG_OFFSET + 0x20U) 
     93          #define CMP_PD_BIT_NUMBER         SYSCFG_CMPCR_CMP_PD_Pos
     94          #define CMPCR_CMP_PD_BB           (uint32_t)(PERIPH_BB_BASE + (CMPCR_OFFSET * 32U) + (CMP_PD_BIT_NUMBER * 4U))
     95          
     96          /* ---  MCHDLYCR Register ---*/ 
     97          /* Alias word address of BSCKSEL bit */ 
     98          #define MCHDLYCR_OFFSET            (SYSCFG_OFFSET + 0x30U) 
     99          #define BSCKSEL_BIT_NUMBER         SYSCFG_MCHDLYCR_BSCKSEL_Pos
    100          #define MCHDLYCR_BSCKSEL_BB        (uint32_t)(PERIPH_BB_BASE + (MCHDLYCR_OFFSET * 32U) + (BSCKSEL_BIT_NUMBER * 4U))
    101          /**
    102            * @}
    103            */
    104          
    105          /* Private macro -------------------------------------------------------------*/
    106          /* Private variables ---------------------------------------------------------*/
    107          /** @addtogroup HAL_Private_Variables
    108            * @{
    109            */

   \                                 In section .data, align 4
    110          __IO uint32_t uwTick;
    111          uint32_t uwTickPrio   = (1UL << __NVIC_PRIO_BITS); /* Invalid PRIO */
    112          HAL_TickFreqTypeDef uwTickFreq = HAL_TICK_FREQ_DEFAULT;  /* 1KHz */
   \                     uwTickFreq:
   \   00000000   0x01               DC8 1
   \   00000001   0x00 0x00          DC8 0, 0, 0
   \              0x00         
   \                     uwTick:
   \   00000004   0x00 0x00          DC8 0, 0, 0, 0
   \              0x00 0x00    
   \                     uwTickPrio:
   \   00000008   0x00000010         DC32 16
    113          /**
    114            * @}
    115            */
    116          /* Private function prototypes -----------------------------------------------*/
    117          /* Private functions ---------------------------------------------------------*/
    118          
    119          /** @defgroup HAL_Exported_Functions HAL Exported Functions
    120            * @{
    121            */
    122          
    123          /** @defgroup HAL_Exported_Functions_Group1 Initialization and de-initialization Functions 
    124           *  @brief    Initialization and de-initialization functions
    125           *
    126          @verbatim    
    127           ===============================================================================
    128                        ##### Initialization and Configuration functions #####
    129           ===============================================================================
    130              [..]  This section provides functions allowing to:
    131                (+) Initializes the Flash interface the NVIC allocation and initial clock 
    132                    configuration. It initializes the systick also when timeout is needed 
    133                    and the backup domain when enabled.
    134                (+) De-Initializes common part of the HAL.
    135                (+) Configure the time base source to have 1ms time base with a dedicated 
    136                    Tick interrupt priority. 
    137                  (++) SysTick timer is used by default as source of time base, but user
    138                       can eventually implement his proper time base source (a general purpose 
    139                       timer for example or other time source), keeping in mind that Time base 
    140                       duration should be kept 1ms since PPP_TIMEOUT_VALUEs are defined and 
    141                       handled in milliseconds basis.
    142                  (++) Time base configuration function (HAL_InitTick ()) is called automatically 
    143                       at the beginning of the program after reset by HAL_Init() or at any time 
    144                       when clock is configured, by HAL_RCC_ClockConfig(). 
    145                  (++) Source of time base is configured  to generate interrupts at regular 
    146                       time intervals. Care must be taken if HAL_Delay() is called from a 
    147                       peripheral ISR process, the Tick interrupt line must have higher priority 
    148                      (numerically lower) than the peripheral interrupt. Otherwise the caller 
    149                      ISR process will be blocked. 
    150                 (++) functions affecting time base configurations are declared as __weak  
    151                       to make  override possible  in case of other  implementations in user file.
    152          @endverbatim
    153            * @{
    154            */
    155          
    156          /**
    157            * @brief  This function is used to initialize the HAL Library; it must be the first 
    158            *         instruction to be executed in the main program (before to call any other
    159            *         HAL function), it performs the following:
    160            *           Configure the Flash prefetch, instruction and Data caches.
    161            *           Configures the SysTick to generate an interrupt each 1 millisecond,
    162            *           which is clocked by the HSI (at this stage, the clock is not yet
    163            *           configured and thus the system is running from the internal HSI at 16 MHz).
    164            *           Set NVIC Group Priority to 4.
    165            *           Calls the HAL_MspInit() callback function defined in user file 
    166            *           "stm32f4xx_hal_msp.c" to do the global low level hardware initialization 
    167            *            
    168            * @note   SysTick is used as time base for the HAL_Delay() function, the application
    169            *         need to ensure that the SysTick time base is always set to 1 millisecond
    170            *         to have correct HAL operation.
    171            * @retval HAL status
    172            */

   \                                 In section .text, align 2, keep-with-next
    173          HAL_StatusTypeDef HAL_Init(void)
    174          {
   \                     HAL_Init: (+1)
   \   00000000   0xB580             PUSH     {R7,LR}
    175            /* Configure Flash prefetch, Instruction cache, Data cache */ 
    176          #if (INSTRUCTION_CACHE_ENABLE != 0U)
    177            __HAL_FLASH_INSTRUCTION_CACHE_ENABLE();
   \   00000002   0x....             LDR.N    R0,??DataTable20  ;; 0x40023c00
   \   00000004   0x6801             LDR      R1,[R0, #+0]
   \   00000006   0xF441 0x7100      ORR      R1,R1,#0x200
   \   0000000A   0x6001             STR      R1,[R0, #+0]
    178          #endif /* INSTRUCTION_CACHE_ENABLE */
    179          
    180          #if (DATA_CACHE_ENABLE != 0U)
    181            __HAL_FLASH_DATA_CACHE_ENABLE();
   \   0000000C   0x6801             LDR      R1,[R0, #+0]
   \   0000000E   0xF441 0x6180      ORR      R1,R1,#0x400
   \   00000012   0x6001             STR      R1,[R0, #+0]
    182          #endif /* DATA_CACHE_ENABLE */
    183          
    184          #if (PREFETCH_ENABLE != 0U)
    185            __HAL_FLASH_PREFETCH_BUFFER_ENABLE();
   \   00000014   0x6801             LDR      R1,[R0, #+0]
   \   00000016   0xF441 0x7180      ORR      R1,R1,#0x100
   \   0000001A   0x6001             STR      R1,[R0, #+0]
    186          #endif /* PREFETCH_ENABLE */
    187          
    188            /* Set Interrupt Group Priority */
    189            HAL_NVIC_SetPriorityGrouping(NVIC_PRIORITYGROUP_4);
   \   0000001C   0x2003             MOVS     R0,#+3
   \   0000001E   0x.... 0x....      BL       HAL_NVIC_SetPriorityGrouping
    190          
    191            /* Use systick as time base source and configure 1ms tick (default clock after Reset is HSI) */
    192            HAL_InitTick(TICK_INT_PRIORITY);
   \   00000022   0x2000             MOVS     R0,#+0
   \   00000024   0x.... 0x....      BL       HAL_InitTick
    193          
    194            /* Init the low level hardware */
    195            HAL_MspInit();
   \   00000028   0x.... 0x....      BL       HAL_MspInit
    196          
    197            /* Return function status */
    198            return HAL_OK;
   \   0000002C   0x2000             MOVS     R0,#+0
   \   0000002E   0xBD02             POP      {R1,PC}          ;; return
    199          }
    200          
    201          /**
    202            * @brief  This function de-Initializes common part of the HAL and stops the systick.
    203            *         This function is optional.   
    204            * @retval HAL status
    205            */

   \                                 In section .text, align 2, keep-with-next
    206          HAL_StatusTypeDef HAL_DeInit(void)
    207          {
   \                     HAL_DeInit: (+1)
   \   00000000   0xB580             PUSH     {R7,LR}
    208            /* Reset of all peripherals */
    209            __HAL_RCC_APB1_FORCE_RESET();
   \   00000002   0x....             LDR.N    R0,??DataTable20_1  ;; 0x40023810
   \   00000004   0xF04F 0x31FF      MOV      R1,#-1
   \   00000008   0x6101             STR      R1,[R0, #+16]
    210            __HAL_RCC_APB1_RELEASE_RESET();
   \   0000000A   0x2200             MOVS     R2,#+0
   \   0000000C   0x6102             STR      R2,[R0, #+16]
    211          
    212            __HAL_RCC_APB2_FORCE_RESET();
   \   0000000E   0x6141             STR      R1,[R0, #+20]
    213            __HAL_RCC_APB2_RELEASE_RESET();
   \   00000010   0x6142             STR      R2,[R0, #+20]
    214          
    215            __HAL_RCC_AHB1_FORCE_RESET();
   \   00000012   0x6001             STR      R1,[R0, #+0]
    216            __HAL_RCC_AHB1_RELEASE_RESET();
   \   00000014   0x6002             STR      R2,[R0, #+0]
    217          
    218            __HAL_RCC_AHB2_FORCE_RESET();
   \   00000016   0x6041             STR      R1,[R0, #+4]
    219            __HAL_RCC_AHB2_RELEASE_RESET();
   \   00000018   0x6042             STR      R2,[R0, #+4]
    220          
    221            __HAL_RCC_AHB3_FORCE_RESET();
   \   0000001A   0x6081             STR      R1,[R0, #+8]
    222            __HAL_RCC_AHB3_RELEASE_RESET();
   \   0000001C   0x6082             STR      R2,[R0, #+8]
    223          
    224            /* De-Init the low level hardware */
    225            HAL_MspDeInit();
   \   0000001E   0x.... 0x....      BL       HAL_MspDeInit
    226              
    227            /* Return function status */
    228            return HAL_OK;
   \   00000022   0x2000             MOVS     R0,#+0
   \   00000024   0xBD02             POP      {R1,PC}          ;; return
    229          }
    230          
    231          /**
    232            * @brief  Initialize the MSP.
    233            * @retval None
    234            */

   \                                 In section .text, align 2, keep-with-next
    235          __weak void HAL_MspInit(void)
    236          {
    237            /* NOTE : This function should not be modified, when the callback is needed,
    238                      the HAL_MspInit could be implemented in the user file
    239             */
    240          }
   \                     HAL_MspInit: (+1)
   \   00000000   0x4770             BX       LR               ;; return
    241          
    242          /**
    243            * @brief  DeInitializes the MSP.
    244            * @retval None
    245            */

   \                                 In section .text, align 2, keep-with-next
    246          __weak void HAL_MspDeInit(void)
    247          {
    248            /* NOTE : This function should not be modified, when the callback is needed,
    249                      the HAL_MspDeInit could be implemented in the user file
    250             */ 
    251          }
   \                     HAL_MspDeInit: (+1)
   \   00000000   0x4770             BX       LR               ;; return
    252          
    253          /**
    254            * @brief This function configures the source of the time base.
    255            *        The time source is configured  to have 1ms time base with a dedicated 
    256            *        Tick interrupt priority.
    257            * @note This function is called  automatically at the beginning of program after
    258            *       reset by HAL_Init() or at any time when clock is reconfigured  by HAL_RCC_ClockConfig().
    259            * @note In the default implementation, SysTick timer is the source of time base. 
    260            *       It is used to generate interrupts at regular time intervals. 
    261            *       Care must be taken if HAL_Delay() is called from a peripheral ISR process, 
    262            *       The SysTick interrupt must have higher priority (numerically lower)
    263            *       than the peripheral interrupt. Otherwise the caller ISR process will be blocked.
    264            *       The function is declared as __weak  to be overwritten  in case of other
    265            *       implementation  in user file.
    266            * @param TickPriority Tick interrupt priority.
    267            * @retval HAL status
    268            */

   \                                 In section .text, align 2, keep-with-next
    269          __weak HAL_StatusTypeDef HAL_InitTick(uint32_t TickPriority)
    270          {
   \                     HAL_InitTick: (+1)
   \   00000000   0xB538             PUSH     {R3-R5,LR}
    271            /* Configure the SysTick to have interrupt in 1ms time basis*/
    272            if (HAL_SYSTICK_Config(SystemCoreClock / (1000U / uwTickFreq)) > 0U)
   \   00000002   0x....             LDR.N    R5,??DataTable20_2
   \   00000004   0x7829             LDRB     R1,[R5, #+0]
   \   00000006   0x4604             MOV      R4,R0
   \   00000008   0xF44F 0x707A      MOV      R0,#+1000
   \   0000000C   0xFBB0 0xF0F1      UDIV     R0,R0,R1
   \   00000010   0x....             LDR.N    R1,??DataTable20_3
   \   00000012   0x6809             LDR      R1,[R1, #+0]
   \   00000014   0xFBB1 0xF0F0      UDIV     R0,R1,R0
   \   00000018   0x.... 0x....      BL       HAL_SYSTICK_Config
   \   0000001C   0xB950             CBNZ.N   R0,??HAL_InitTick_0
    273            {
    274              return HAL_ERROR;
    275            }
    276          
    277            /* Configure the SysTick IRQ priority */
    278            if (TickPriority < (1UL << __NVIC_PRIO_BITS))
   \   0000001E   0x2C10             CMP      R4,#+16
   \   00000020   0xD208             BCS.N    ??HAL_InitTick_0
    279            {
    280              HAL_NVIC_SetPriority(SysTick_IRQn, TickPriority, 0U);
   \   00000022   0x2200             MOVS     R2,#+0
   \   00000024   0x4621             MOV      R1,R4
   \   00000026   0xF04F 0x30FF      MOV      R0,#-1
   \   0000002A   0x.... 0x....      BL       HAL_NVIC_SetPriority
    281              uwTickPrio = TickPriority;
   \   0000002E   0x60AC             STR      R4,[R5, #+8]
    282            }
    283            else
    284            {
    285              return HAL_ERROR;
    286            }
    287          
    288            /* Return function status */
    289            return HAL_OK;
   \   00000030   0x2000             MOVS     R0,#+0
   \   00000032   0xBD32             POP      {R1,R4,R5,PC}
   \                     ??HAL_InitTick_0: (+1)
   \   00000034   0x2001             MOVS     R0,#+1
   \   00000036   0xBD32             POP      {R1,R4,R5,PC}    ;; return
    290          }
    291          
    292          /**
    293            * @}
    294            */
    295          
    296          /** @defgroup HAL_Exported_Functions_Group2 HAL Control functions 
    297           *  @brief    HAL Control functions
    298           *
    299          @verbatim
    300           ===============================================================================
    301                                ##### HAL Control functions #####
    302           ===============================================================================
    303              [..]  This section provides functions allowing to:
    304                (+) Provide a tick value in millisecond
    305                (+) Provide a blocking delay in millisecond
    306                (+) Suspend the time base source interrupt
    307                (+) Resume the time base source interrupt
    308                (+) Get the HAL API driver version
    309                (+) Get the device identifier
    310                (+) Get the device revision identifier
    311                (+) Enable/Disable Debug module during SLEEP mode
    312                (+) Enable/Disable Debug module during STOP mode
    313                (+) Enable/Disable Debug module during STANDBY mode
    314          
    315          @endverbatim
    316            * @{
    317            */
    318          
    319          /**
    320            * @brief This function is called to increment  a global variable "uwTick"
    321            *        used as application time base.
    322            * @note In the default implementation, this variable is incremented each 1ms
    323            *       in SysTick ISR.
    324           * @note This function is declared as __weak to be overwritten in case of other 
    325            *      implementations in user file.
    326            * @retval None
    327            */

   \                                 In section .text, align 2, keep-with-next
    328          __weak void HAL_IncTick(void)
    329          {
    330            uwTick += uwTickFreq;
   \                     HAL_IncTick: (+1)
   \   00000000   0x....             LDR.N    R0,??DataTable20_2
   \   00000002   0x6841             LDR      R1,[R0, #+4]
   \   00000004   0x7802             LDRB     R2,[R0, #+0]
   \   00000006   0xFA51 0xF182      UXTAB    R1,R1,R2
   \   0000000A   0x6041             STR      R1,[R0, #+4]
    331          }
   \   0000000C   0x4770             BX       LR               ;; return
    332          
    333          /**
    334            * @brief Provides a tick value in millisecond.
    335            * @note This function is declared as __weak to be overwritten in case of other 
    336            *       implementations in user file.
    337            * @retval tick value
    338            */

   \                                 In section .text, align 2, keep-with-next
    339          __weak uint32_t HAL_GetTick(void)
    340          {
    341            return uwTick;
   \                     HAL_GetTick: (+1)
   \   00000000   0x....             LDR.N    R0,??DataTable20_2
   \   00000002   0x6840             LDR      R0,[R0, #+4]
   \   00000004   0x4770             BX       LR               ;; return
    342          }
    343          
    344          /**
    345            * @brief This function returns a tick priority.
    346            * @retval tick priority
    347            */

   \                                 In section .text, align 2, keep-with-next
    348          uint32_t HAL_GetTickPrio(void)
    349          {
    350            return uwTickPrio;
   \                     HAL_GetTickPrio: (+1)
   \   00000000   0x....             LDR.N    R0,??DataTable20_2
   \   00000002   0x6880             LDR      R0,[R0, #+8]
   \   00000004   0x4770             BX       LR               ;; return
    351          }
    352          
    353          /**
    354            * @brief Set new tick Freq.
    355            * @retval Status
    356            */

   \                                 In section .text, align 2, keep-with-next
    357          HAL_StatusTypeDef HAL_SetTickFreq(HAL_TickFreqTypeDef Freq)
    358          {
    359            HAL_StatusTypeDef status  = HAL_OK;
    360            assert_param(IS_TICKFREQ(Freq));
    361          
    362            if (uwTickFreq != Freq)
   \                     HAL_SetTickFreq: (+1)
   \   00000000   0x....             LDR.N    R2,??DataTable20_2
   \   00000002   0x7813             LDRB     R3,[R2, #+0]
   \   00000004   0x4601             MOV      R1,R0
   \   00000006   0x2000             MOVS     R0,#+0
   \   00000008   0x428B             CMP      R3,R1
   \   0000000A   0xD100             BNE.N    ??HAL_SetTickFreq_0
   \   0000000C   0x4770             BX       LR
    363            {
    364              uwTickFreq = Freq;
   \                     ??HAL_SetTickFreq_0: (+1)
   \   0000000E   0xB580             PUSH     {R7,LR}
    365          
    366              /* Apply the new tick Freq  */
    367              status = HAL_InitTick(uwTickPrio);
   \   00000010   0x6890             LDR      R0,[R2, #+8]
   \   00000012   0x7011             STRB     R1,[R2, #+0]
   \   00000014   0x.... 0x....      BL       HAL_InitTick
    368            }
    369          
    370            return status;
   \   00000018   0xBD02             POP      {R1,PC}          ;; return
    371          }
    372          
    373          /**
    374            * @brief Return tick frequency.
    375            * @retval tick period in Hz
    376            */

   \                                 In section .text, align 2, keep-with-next
    377          HAL_TickFreqTypeDef HAL_GetTickFreq(void)
    378          {
    379            return uwTickFreq;
   \                     HAL_GetTickFreq: (+1)
   \   00000000   0x....             LDR.N    R0,??DataTable20_2
   \   00000002   0x7800             LDRB     R0,[R0, #+0]
   \   00000004   0x4770             BX       LR               ;; return
    380          }
    381          
    382          /**
    383            * @brief This function provides minimum delay (in milliseconds) based 
    384            *        on variable incremented.
    385            * @note In the default implementation , SysTick timer is the source of time base.
    386            *       It is used to generate interrupts at regular time intervals where uwTick
    387            *       is incremented.
    388            * @note This function is declared as __weak to be overwritten in case of other
    389            *       implementations in user file.
    390            * @param Delay specifies the delay time length, in milliseconds.
    391            * @retval None
    392            */

   \                                 In section .text, align 2, keep-with-next
    393          __weak void HAL_Delay(uint32_t Delay)
    394          {
   \                     HAL_Delay: (+1)
   \   00000000   0xB538             PUSH     {R3-R5,LR}
   \   00000002   0x4604             MOV      R4,R0
    395            uint32_t tickstart = HAL_GetTick();
   \   00000004   0x.... 0x....      BL       HAL_GetTick
   \   00000008   0x4605             MOV      R5,R0
    396            uint32_t wait = Delay;
    397          
    398            /* Add a freq to guarantee minimum wait */
    399            if (wait < HAL_MAX_DELAY)
   \   0000000A   0xF114 0x0F01      CMN      R4,#+1
   \   0000000E   0xD002             BEQ.N    ??HAL_Delay_0
    400            {
    401              wait += (uint32_t)(uwTickFreq);
   \   00000010   0x....             LDR.N    R0,??DataTable20_2
   \   00000012   0x7800             LDRB     R0,[R0, #+0]
   \   00000014   0x1824             ADDS     R4,R4,R0
    402            }
    403          
    404            while((HAL_GetTick() - tickstart) < wait)
   \                     ??HAL_Delay_0: (+1)
   \   00000016   0x.... 0x....      BL       HAL_GetTick
   \   0000001A   0x1B40             SUBS     R0,R0,R5
   \   0000001C   0x42A0             CMP      R0,R4
   \   0000001E   0xD3FA             BCC.N    ??HAL_Delay_0
    405            {
    406            }
    407          }
   \   00000020   0xBD31             POP      {R0,R4,R5,PC}    ;; return
    408          
    409          /**
    410            * @brief Suspend Tick increment.
    411            * @note In the default implementation , SysTick timer is the source of time base. It is
    412            *       used to generate interrupts at regular time intervals. Once HAL_SuspendTick()
    413            *       is called, the SysTick interrupt will be disabled and so Tick increment 
    414            *       is suspended.
    415            * @note This function is declared as __weak to be overwritten in case of other
    416            *       implementations in user file.
    417            * @retval None
    418            */

   \                                 In section .text, align 2, keep-with-next
    419          __weak void HAL_SuspendTick(void)
    420          {
    421            /* Disable SysTick Interrupt */
    422            SysTick->CTRL &= ~SysTick_CTRL_TICKINT_Msk;
   \                     HAL_SuspendTick: (+1)
   \   00000000   0x....             LDR.N    R0,??DataTable20_4  ;; 0xe000e010
   \   00000002   0x....             B.N      ?Subroutine0
    423          }

   \                                 In section .text, align 2, keep-with-next
   \                     ?Subroutine0: (+1)
   \   00000000   0x6801             LDR      R1,[R0, #+0]
   \   00000002   0xF021 0x0102      BIC      R1,R1,#0x2
   \   00000006   0x6001             STR      R1,[R0, #+0]
   \   00000008   0x4770             BX       LR               ;; return
    424          
    425          /**
    426            * @brief Resume Tick increment.
    427            * @note In the default implementation , SysTick timer is the source of time base. It is
    428            *       used to generate interrupts at regular time intervals. Once HAL_ResumeTick()
    429            *       is called, the SysTick interrupt will be enabled and so Tick increment 
    430            *       is resumed.
    431            * @note This function is declared as __weak to be overwritten in case of other
    432            *       implementations in user file.
    433            * @retval None
    434            */

   \                                 In section .text, align 2, keep-with-next
    435          __weak void HAL_ResumeTick(void)
    436          {
    437            /* Enable SysTick Interrupt */
    438            SysTick->CTRL  |= SysTick_CTRL_TICKINT_Msk;
   \                     HAL_ResumeTick: (+1)
   \   00000000   0x....             LDR.N    R0,??DataTable20_4  ;; 0xe000e010
   \   00000002   0x....             B.N      ?Subroutine1
    439          }

   \                                 In section .text, align 2, keep-with-next
   \                     ?Subroutine1: (+1)
   \   00000000   0x6801             LDR      R1,[R0, #+0]
   \   00000002   0xF041 0x0102      ORR      R1,R1,#0x2
   \   00000006   0x6001             STR      R1,[R0, #+0]
   \   00000008   0x4770             BX       LR               ;; return
    440          
    441          /**
    442            * @brief  Returns the HAL revision
    443            * @retval version : 0xXYZR (8bits for each decimal, R for RC)
    444            */

   \                                 In section .text, align 2, keep-with-next
    445          uint32_t HAL_GetHalVersion(void)
    446          {
    447            return __STM32F4xx_HAL_VERSION;
   \                     HAL_GetHalVersion: (+1)
   \   00000000   0x....             LDR.N    R0,??DataTable20_5  ;; 0x1070300
   \   00000002   0x4770             BX       LR               ;; return
    448          }
    449          
    450          /**
    451            * @brief  Returns the device revision identifier.
    452            * @retval Device revision identifier
    453            */

   \                                 In section .text, align 2, keep-with-next
    454          uint32_t HAL_GetREVID(void)
    455          {
    456            return((DBGMCU->IDCODE) >> 16U);
   \                     HAL_GetREVID: (+1)
   \   00000000   0x....             LDR.N    R0,??DataTable20_6  ;; 0xe0042000
   \   00000002   0x6800             LDR      R0,[R0, #+0]
   \   00000004   0x0C00             LSRS     R0,R0,#+16
   \   00000006   0x4770             BX       LR               ;; return
    457          }
    458          
    459          /**
    460            * @brief  Returns the device identifier.
    461            * @retval Device identifier
    462            */

   \                                 In section .text, align 2, keep-with-next
    463          uint32_t HAL_GetDEVID(void)
    464          {
    465            return((DBGMCU->IDCODE) & IDCODE_DEVID_MASK);
   \                     HAL_GetDEVID: (+1)
   \   00000000   0x....             LDR.N    R0,??DataTable20_6  ;; 0xe0042000
   \   00000002   0x6800             LDR      R0,[R0, #+0]
   \   00000004   0x0500             LSLS     R0,R0,#+20
   \   00000006   0x0D00             LSRS     R0,R0,#+20
   \   00000008   0x4770             BX       LR               ;; return
    466          }
    467          
    468          /**
    469            * @brief  Enable the Debug Module during SLEEP mode
    470            * @retval None
    471            */

   \                                 In section .text, align 2, keep-with-next
    472          void HAL_DBGMCU_EnableDBGSleepMode(void)
    473          {
    474            SET_BIT(DBGMCU->CR, DBGMCU_CR_DBG_SLEEP);
   \                     HAL_DBGMCU_EnableDBGSleepMode: (+1)
   \   00000000   0x....             LDR.N    R0,??DataTable20_7  ;; 0xe0042004
   \   00000002   0x6801             LDR      R1,[R0, #+0]
   \   00000004   0xF041 0x0101      ORR      R1,R1,#0x1
   \   00000008   0x6001             STR      R1,[R0, #+0]
    475          }
   \   0000000A   0x4770             BX       LR               ;; return
    476          
    477          /**
    478            * @brief  Disable the Debug Module during SLEEP mode
    479            * @retval None
    480            */

   \                                 In section .text, align 2, keep-with-next
    481          void HAL_DBGMCU_DisableDBGSleepMode(void)
    482          {
    483            CLEAR_BIT(DBGMCU->CR, DBGMCU_CR_DBG_SLEEP);
   \                     HAL_DBGMCU_DisableDBGSleepMode: (+1)
   \   00000000   0x....             LDR.N    R0,??DataTable20_7  ;; 0xe0042004
   \   00000002   0x6801             LDR      R1,[R0, #+0]
   \   00000004   0x0849             LSRS     R1,R1,#+1
   \   00000006   0x0049             LSLS     R1,R1,#+1
   \   00000008   0x6001             STR      R1,[R0, #+0]
    484          }
   \   0000000A   0x4770             BX       LR               ;; return
    485          
    486          /**
    487            * @brief  Enable the Debug Module during STOP mode
    488            * @retval None
    489            */

   \                                 In section .text, align 2, keep-with-next
    490          void HAL_DBGMCU_EnableDBGStopMode(void)
    491          {
    492            SET_BIT(DBGMCU->CR, DBGMCU_CR_DBG_STOP);
   \                     HAL_DBGMCU_EnableDBGStopMode: (+1)
   \   00000000   0x....             LDR.N    R0,??DataTable20_7  ;; 0xe0042004
   \   00000002                      REQUIRE ?Subroutine1
   \   00000002                      ;; // Fall through to label ?Subroutine1
    493          }
    494          
    495          /**
    496            * @brief  Disable the Debug Module during STOP mode
    497            * @retval None
    498            */

   \                                 In section .text, align 2, keep-with-next
    499          void HAL_DBGMCU_DisableDBGStopMode(void)
    500          {
    501            CLEAR_BIT(DBGMCU->CR, DBGMCU_CR_DBG_STOP);
   \                     HAL_DBGMCU_DisableDBGStopMode: (+1)
   \   00000000   0x....             LDR.N    R0,??DataTable20_7  ;; 0xe0042004
   \   00000002                      REQUIRE ?Subroutine0
   \   00000002                      ;; // Fall through to label ?Subroutine0
    502          }
    503          
    504          /**
    505            * @brief  Enable the Debug Module during STANDBY mode
    506            * @retval None
    507            */

   \                                 In section .text, align 2, keep-with-next
    508          void HAL_DBGMCU_EnableDBGStandbyMode(void)
    509          {
    510            SET_BIT(DBGMCU->CR, DBGMCU_CR_DBG_STANDBY);
   \                     HAL_DBGMCU_EnableDBGStandbyMode: (+1)
   \   00000000   0x....             LDR.N    R0,??DataTable20_7  ;; 0xe0042004
   \   00000002   0x6801             LDR      R1,[R0, #+0]
   \   00000004   0xF041 0x0104      ORR      R1,R1,#0x4
   \   00000008   0x6001             STR      R1,[R0, #+0]
    511          }
   \   0000000A   0x4770             BX       LR               ;; return
    512          
    513          /**
    514            * @brief  Disable the Debug Module during STANDBY mode
    515            * @retval None
    516            */

   \                                 In section .text, align 2, keep-with-next
    517          void HAL_DBGMCU_DisableDBGStandbyMode(void)
    518          {
    519            CLEAR_BIT(DBGMCU->CR, DBGMCU_CR_DBG_STANDBY);
   \                     HAL_DBGMCU_DisableDBGStandbyMode: (+1)
   \   00000000   0x....             LDR.N    R0,??DataTable20_7  ;; 0xe0042004
   \   00000002   0x6801             LDR      R1,[R0, #+0]
   \   00000004   0xF021 0x0104      BIC      R1,R1,#0x4
   \   00000008   0x6001             STR      R1,[R0, #+0]
    520          }
   \   0000000A   0x4770             BX       LR               ;; return
    521          
    522          /**
    523            * @brief  Enables the I/O Compensation Cell.
    524            * @note   The I/O compensation cell can be used only when the device supply
    525            *         voltage ranges from 2.4 to 3.6 V.  
    526            * @retval None
    527            */

   \                                 In section .text, align 2, keep-with-next
    528          void HAL_EnableCompensationCell(void)
    529          {
    530            *(__IO uint32_t *)CMPCR_CMP_PD_BB = (uint32_t)ENABLE;
   \                     HAL_EnableCompensationCell: (+1)
   \   00000000   0x....             LDR.N    R1,??DataTable20_8  ;; 0x42270400
   \   00000002   0x2001             MOVS     R0,#+1
   \   00000004   0x6008             STR      R0,[R1, #+0]
    531          }
   \   00000006   0x4770             BX       LR               ;; return
    532          
    533          /**
    534            * @brief  Power-down the I/O Compensation Cell.
    535            * @note   The I/O compensation cell can be used only when the device supply
    536            *         voltage ranges from 2.4 to 3.6 V.  
    537            * @retval None
    538            */

   \                                 In section .text, align 2, keep-with-next
    539          void HAL_DisableCompensationCell(void)
    540          {
    541            *(__IO uint32_t *)CMPCR_CMP_PD_BB = (uint32_t)DISABLE;
   \                     HAL_DisableCompensationCell: (+1)
   \   00000000   0x....             LDR.N    R1,??DataTable20_8  ;; 0x42270400
   \   00000002   0x2000             MOVS     R0,#+0
   \   00000004   0x6008             STR      R0,[R1, #+0]
    542          }
   \   00000006   0x4770             BX       LR               ;; return
    543          
    544          /**
    545            * @brief Return the unique device identifier (UID based on 96 bits)
    546            * @param UID pointer to 3 words array.
    547            * @retval Device identifier
    548            */

   \                                 In section .text, align 2, keep-with-next
    549          void HAL_GetUID(uint32_t *UID)
    550          {
    551            UID[0] = (uint32_t)(READ_REG(*((uint32_t *)UID_BASE)));
   \                     HAL_GetUID: (+1)
   \   00000000   0x....             LDR.N    R1,??DataTable20_9  ;; 0x1fff7a10
   \   00000002   0x680A             LDR      R2,[R1, #+0]
   \   00000004   0x6002             STR      R2,[R0, #+0]
    552            UID[1] = (uint32_t)(READ_REG(*((uint32_t *)(UID_BASE + 4U))));
   \   00000006   0x684A             LDR      R2,[R1, #+4]
   \   00000008   0x6042             STR      R2,[R0, #+4]
    553            UID[2] = (uint32_t)(READ_REG(*((uint32_t *)(UID_BASE + 8U))));
   \   0000000A   0x6889             LDR      R1,[R1, #+8]
   \   0000000C   0x6081             STR      R1,[R0, #+8]
    554          }
   \   0000000E   0x4770             BX       LR               ;; return

   \                                 In section .text, align 4, keep-with-next
   \                     ??DataTable20:
   \   00000000   0x40023C00         DC32     0x40023c00

   \                                 In section .text, align 4, keep-with-next
   \                     ??DataTable20_1:
   \   00000000   0x40023810         DC32     0x40023810

   \                                 In section .text, align 4, keep-with-next
   \                     ??DataTable20_2:
   \   00000000   0x........         DC32     uwTickFreq

   \                                 In section .text, align 4, keep-with-next
   \                     ??DataTable20_3:
   \   00000000   0x........         DC32     SystemCoreClock

   \                                 In section .text, align 4, keep-with-next
   \                     ??DataTable20_4:
   \   00000000   0xE000E010         DC32     0xe000e010

   \                                 In section .text, align 4, keep-with-next
   \                     ??DataTable20_5:
   \   00000000   0x01070300         DC32     0x1070300

   \                                 In section .text, align 4, keep-with-next
   \                     ??DataTable20_6:
   \   00000000   0xE0042000         DC32     0xe0042000

   \                                 In section .text, align 4, keep-with-next
   \                     ??DataTable20_7:
   \   00000000   0xE0042004         DC32     0xe0042004

   \                                 In section .text, align 4, keep-with-next
   \                     ??DataTable20_8:
   \   00000000   0x42270400         DC32     0x42270400

   \                                 In section .text, align 4, keep-with-next
   \                     ??DataTable20_9:
   \   00000000   0x1FFF7A10         DC32     0x1fff7a10
    555          
    556          #if defined(STM32F427xx) || defined(STM32F437xx) || defined(STM32F429xx)|| defined(STM32F439xx) ||\
    557              defined(STM32F469xx) || defined(STM32F479xx)
    558          /**
    559            * @brief  Enables the Internal FLASH Bank Swapping.
    560            *   
    561            * @note   This function can be used only for STM32F42xxx/43xxx devices. 
    562            *
    563            * @note   Flash Bank2 mapped at 0x08000000 (and aliased @0x00000000) 
    564            *         and Flash Bank1 mapped at 0x08100000 (and aliased at 0x00100000)   
    565            *
    566            * @retval None
    567            */
    568          void HAL_EnableMemorySwappingBank(void)
    569          {
    570            *(__IO uint32_t *)UFB_MODE_BB = (uint32_t)ENABLE;
    571          }
    572          
    573          /**
    574            * @brief  Disables the Internal FLASH Bank Swapping.
    575            *   
    576            * @note   This function can be used only for STM32F42xxx/43xxx devices. 
    577            *
    578            * @note   The default state : Flash Bank1 mapped at 0x08000000 (and aliased @0x00000000) 
    579            *         and Flash Bank2 mapped at 0x08100000 (and aliased at 0x00100000) 
    580            *           
    581            * @retval None
    582            */
    583          void HAL_DisableMemorySwappingBank(void)
    584          {
    585            *(__IO uint32_t *)UFB_MODE_BB = (uint32_t)DISABLE;
    586          }
    587          #endif /* STM32F427xx || STM32F437xx || STM32F429xx || STM32F439xx || STM32F469xx || STM32F479xx */
    588          /**
    589            * @}
    590            */
    591          
    592          /**
    593            * @}
    594            */
    595          
    596          /**
    597            * @}
    598            */
    599          
    600          /**
    601            * @}
    602            */
    603          
    604          /************************ (C) COPYRIGHT STMicroelectronics *****END OF FILE****/

   Maximum stack usage in bytes:

   .cstack Function
   ------- --------
       0   HAL_DBGMCU_DisableDBGSleepMode
       0   HAL_DBGMCU_DisableDBGStandbyMode
       0   HAL_DBGMCU_DisableDBGStopMode
       0   HAL_DBGMCU_EnableDBGSleepMode
       0   HAL_DBGMCU_EnableDBGStandbyMode
       0   HAL_DBGMCU_EnableDBGStopMode
       8   HAL_DeInit
         8   -> HAL_MspDeInit
      16   HAL_Delay
        16   -> HAL_GetTick
       0   HAL_DisableCompensationCell
       0   HAL_EnableCompensationCell
       0   HAL_GetDEVID
       0   HAL_GetHalVersion
       0   HAL_GetREVID
       0   HAL_GetTick
       0   HAL_GetTickFreq
       0   HAL_GetTickPrio
       0   HAL_GetUID
       0   HAL_IncTick
       8   HAL_Init
         8   -> HAL_InitTick
         8   -> HAL_MspInit
         8   -> HAL_NVIC_SetPriorityGrouping
      16   HAL_InitTick
        16   -> HAL_NVIC_SetPriority
        16   -> HAL_SYSTICK_Config
       0   HAL_MspDeInit
       0   HAL_MspInit
       0   HAL_ResumeTick
       8   HAL_SetTickFreq
         8   -> HAL_InitTick
       0   HAL_SuspendTick


   Section sizes:

   Bytes  Function/Label
   -----  --------------
       4  ??DataTable20
       4  ??DataTable20_1
       4  ??DataTable20_2
       4  ??DataTable20_3
       4  ??DataTable20_4
       4  ??DataTable20_5
       4  ??DataTable20_6
       4  ??DataTable20_7
       4  ??DataTable20_8
       4  ??DataTable20_9
      10  ?Subroutine0
      10  ?Subroutine1
      12  HAL_DBGMCU_DisableDBGSleepMode
      12  HAL_DBGMCU_DisableDBGStandbyMode
       2  HAL_DBGMCU_DisableDBGStopMode
      12  HAL_DBGMCU_EnableDBGSleepMode
      12  HAL_DBGMCU_EnableDBGStandbyMode
       2  HAL_DBGMCU_EnableDBGStopMode
      38  HAL_DeInit
      34  HAL_Delay
       8  HAL_DisableCompensationCell
       8  HAL_EnableCompensationCell
      10  HAL_GetDEVID
       4  HAL_GetHalVersion
       8  HAL_GetREVID
       6  HAL_GetTick
       6  HAL_GetTickFreq
       6  HAL_GetTickPrio
      16  HAL_GetUID
      14  HAL_IncTick
      48  HAL_Init
      56  HAL_InitTick
       2  HAL_MspDeInit
       2  HAL_MspInit
       4  HAL_ResumeTick
      26  HAL_SetTickFreq
       4  HAL_SuspendTick
      12  uwTickFreq
          uwTick
          uwTickPrio

 
  12 bytes in section .data
 412 bytes in section .text
 
 412 bytes of CODE memory
  12 bytes of DATA memory

Errors: none
Warnings: none
